TN:
SF:/home/cai/share/c-corekit/ds/stack/stack.h
FN:43,stack_create
FNDA:2,stack_create
FN:49,stack_destroy
FNDA:2,stack_destroy
FN:56,stack_push
FNDA:12,stack_push
FN:66,stack_pop
FNDA:16,stack_pop
FN:77,stack_top
FNDA:10,stack_top
FN:88,stack_display
FNDA:4,stack_display
FN:95,stack_get_size
FNDA:2,stack_get_size
DA:43,2
DA:45,2
DA:49,2
DA:51,2
DA:52,2
DA:56,12
DA:61,12
DA:62,10
DA:66,16
DA:72,16
DA:73,14
DA:77,10
DA:83,10
DA:84,8
DA:88,4
DA:90,4
DA:91,4
DA:95,2
DA:100,2
DA:101,2
end_of_record
SF:/home/cai/share/c-corekit/ds/stack/stack.c
FN:22,_stack_create
FNDA:2,_stack_create
FN:43,_stack_destroy
FNDA:2,_stack_destroy
FN:56,_stack_push
FNDA:10,_stack_push
FN:62,_stack_pop
FNDA:14,_stack_pop
FN:69,_stack_top
FNDA:8,_stack_top
FN:75,_stack_get_size
FNDA:2,_stack_get_size
FN:81,_stack_display
FNDA:4,_stack_display
FN:88,test_show_func
FNDA:10,test_show_func
FN:93,stack_test
FNDA:2,stack_test
DA:22,2
DA:24,2
DA:25,2
DA:28,0
DA:31,2
DA:32,2
DA:35,0
DA:36,0
DA:39,2
DA:43,2
DA:45,2
DA:46,2
DA:49,0
DA:51,2
DA:52,2
DA:56,10
DA:58,10
DA:62,14
DA:64,14
DA:65,14
DA:69,8
DA:71,8
DA:75,2
DA:77,2
DA:81,4
DA:83,4
DA:88,10
DA:90,10
DA:91,10
DA:93,2
DA:96,2
DA:97,2
DA:98,2
DA:99,2
DA:100,2
DA:102,2
DA:103,2
DA:105,2
DA:107,2
DA:108,2
DA:109,2
DA:110,2
DA:111,2
DA:112,2
DA:113,2
DA:114,2
DA:116,2
DA:117,2
DA:118,2
DA:119,2
DA:120,2
DA:123,2
DA:125,2
DA:126,2
DA:127,2
DA:128,2
DA:129,2
DA:130,2
DA:132,2
DA:133,2
DA:135,2
DA:136,2
DA:138,2
DA:139,2
DA:140,2
DA:141,2
DA:143,2
DA:145,2
end_of_record
SF:/home/cai/share/c-corekit/ds/dlist/dlist.h
FN:57,dlist_create
FNDA:2,dlist_create
FN:66,dlist_destroy
FNDA:2,dlist_destroy
FN:72,dlist_display
FNDA:4,dlist_display
FN:81,dlist_get_size
FNDA:2,dlist_get_size
FN:111,dlist_get_tail
FNDA:22,dlist_get_tail
FN:133,dlist_append_tail
FNDA:10,dlist_append_tail
FN:170,dlist_remove_tail
FNDA:14,dlist_remove_tail
DA:57,2
DA:62,2
DA:66,2
DA:68,2
DA:72,4
DA:77,4
DA:81,2
DA:86,2
DA:111,22
DA:117,22
DA:118,22
DA:119,22
DA:133,10
DA:138,10
DA:139,10
DA:140,10
DA:170,14
DA:174,14
DA:175,14
DA:176,14
end_of_record
