TN:
SF:/home/cai/share/c-corekit/ds/dlist/dlist.c
FN:47,dlist_node_create
FNDA:82,dlist_node_create
FN:62,dlist_node_destroy
FNDA:82,dlist_node_destroy
FN:71,_dlist_create
FNDA:30,_dlist_create
FN:122,_dlist_destroy
FNDA:32,_dlist_destroy
FN:151,_dlist_display
FNDA:62,_dlist_display
FN:185,_dlist_get_size
FNDA:176,_dlist_get_size
FN:198,_dlist_get_data
FNDA:70,_dlist_get_data
FN:232,_dlist_insert
FNDA:60,_dlist_insert
FN:315,_dlist_remove
FNDA:42,_dlist_remove
FN:378,_dlist_remove_by_data
FNDA:12,_dlist_remove_by_data
FN:416,_dlist_contain
FNDA:32,_dlist_contain
FN:462,test_show_func
FNDA:12,test_show_func
FN:466,test_cmp_func
FNDA:0,test_cmp_func
FN:471,dlist_test
FNDA:2,dlist_test
DA:47,82
DA:49,82
DA:50,82
DA:52,82
DA:58,82
DA:62,82
DA:64,82
DA:66,82
DA:68,82
DA:71,30
DA:76,30
DA:77,30
DA:80,30
DA:81,30
DA:84,0
DA:86,30
DA:89,30
DA:90,30
DA:93,0
DA:97,30
DA:100,0
DA:103,30
DA:104,30
DA:105,30
DA:106,30
DA:107,30
DA:110,30
DA:112,0
DA:114,0
DA:116,0
DA:118,0
DA:122,32
DA:124,32
DA:125,32
DA:127,32
DA:130,2
DA:134,30
DA:135,76
DA:137,46
DA:138,46
DA:139,46
DA:143,30
DA:147,30
DA:151,62
DA:153,62
DA:154,62
DA:156,62
DA:158,2
DA:161,60
DA:163,60
DA:164,60
DA:166,120
DA:168,8
DA:171,52
DA:172,52
DA:173,52
DA:177,60
DA:179,60
DA:181,60
DA:185,176
DA:187,176
DA:189,8
DA:192,168
DA:194,168
DA:198,70
DA:200,70
DA:201,70
DA:203,70
DA:205,22
DA:208,48
DA:211,48
DA:213,8
DA:214,8
DA:217,40
DA:218,118
DA:219,78
DA:221,40
DA:222,40
DA:226,40
DA:228,40
DA:232,60
DA:234,60
DA:235,60
DA:236,60
DA:237,60
DA:239,60
DA:241,4
DA:244,56
DA:247,56
DA:249,4
DA:250,4
DA:254,52
DA:255,52
DA:257,0
DA:258,0
DA:260,52
DA:263,52
DA:265,26
DA:266,26
DA:267,26
DA:268,26
DA:269,26
DA:270,26
DA:271,26
DA:273,26
DA:275,24
DA:276,24
DA:277,24
DA:278,24
DA:279,24
DA:280,24
DA:281,24
DA:282,24
DA:286,2
DA:287,2
DA:289,0
DA:290,0
DA:292,2
DA:295,2
DA:296,2
DA:297,2
DA:298,2
DA:301,2
DA:303,0
DA:307,2
DA:309,2
DA:311,2
DA:315,42
DA:317,42
DA:318,42
DA:319,42
DA:320,42
DA:322,42
DA:324,4
DA:327,38
DA:330,38
DA:332,10
DA:333,10
DA:337,28
DA:339,2
DA:340,2
DA:344,26
DA:345,60
DA:347,34
DA:348,34
DA:350,26
DA:351,26
DA:354,26
DA:355,26
DA:357,12
DA:361,26
DA:364,26
DA:366,14
DA:370,26
DA:372,26
DA:374,26
DA:378,12
DA:380,12
DA:382,12
DA:384,0
DA:387,12
DA:389,12
DA:390,12
DA:392,10
DA:395,10
DA:396,10
DA:397,0
DA:398,10
DA:399,10
DA:401,10
DA:402,10
DA:404,10
DA:405,10
DA:407,0
DA:410,2
DA:412,2
DA:416,32
DA:418,32
DA:420,32
DA:423,0
DA:426,32
DA:428,32
DA:429,32
DA:431,10
DA:433,10
DA:434,10
DA:436,0
DA:439,22
DA:441,22
DA:462,12
DA:464,12
DA:465,12
DA:466,0
DA:468,0
DA:469,0
DA:471,2
DA:474,2
DA:475,2
DA:476,2
DA:477,2
DA:478,2
DA:479,2
DA:481,2
DA:483,2
DA:484,2
DA:485,2
DA:488,2
DA:489,2
DA:490,2
DA:491,2
DA:492,2
DA:493,2
DA:494,2
DA:495,2
DA:496,2
DA:497,2
DA:500,2
DA:501,2
DA:502,2
DA:503,2
DA:504,2
DA:505,2
DA:506,2
DA:507,2
DA:508,2
DA:509,2
DA:510,2
DA:511,2
DA:512,2
DA:513,2
DA:514,2
DA:515,2
DA:517,2
DA:518,2
DA:519,2
DA:522,2
DA:523,2
DA:524,2
DA:525,2
DA:526,2
DA:528,2
DA:529,2
DA:530,2
DA:531,2
DA:532,2
DA:533,2
DA:534,2
DA:535,2
DA:538,2
DA:539,2
DA:540,2
DA:542,2
DA:543,2
DA:545,2
end_of_record
SF:/home/cai/share/c-corekit/ds/dlist/dlist.h
FN:57,dlist_create
FNDA:2,dlist_create
FN:66,dlist_destroy
FNDA:4,dlist_destroy
FN:72,dlist_display
FNDA:6,dlist_display
FN:81,dlist_get_size
FNDA:8,dlist_get_size
FN:90,dlist_get_data
FNDA:22,dlist_get_data
FN:101,dlist_get_head
FNDA:2,dlist_get_head
FN:111,dlist_get_tail
FNDA:2,dlist_get_tail
FN:123,dlist_insert
FNDA:6,dlist_insert
FN:133,dlist_append_tail
FNDA:10,dlist_append_tail
FN:144,dlist_append_head
FNDA:6,dlist_append_head
FN:153,dlist_remove
FNDA:6,dlist_remove
FN:162,dlist_remove_head
FNDA:6,dlist_remove_head
FN:170,dlist_remove_tail
FNDA:4,dlist_remove_tail
DA:57,2
DA:62,2
DA:66,4
DA:68,4
DA:72,6
DA:77,6
DA:81,8
DA:86,8
DA:90,22
DA:97,22
DA:101,2
DA:107,2
DA:111,2
DA:117,2
DA:118,2
DA:119,2
DA:123,6
DA:129,6
DA:133,10
DA:138,10
DA:139,10
DA:140,10
DA:144,6
DA:149,6
DA:153,6
DA:158,6
DA:162,6
DA:166,6
DA:170,4
DA:174,4
DA:175,4
DA:176,4
end_of_record
