TN:
SF:/home/cai/share/c-corekit/ds/dlist/dlist.h
FN:57,dlist_create
FNDA:24,dlist_create
FN:66,dlist_destroy
FNDA:24,dlist_destroy
FN:72,dlist_display
FNDA:48,dlist_display
FN:81,dlist_get_size
FNDA:72,dlist_get_size
FN:133,dlist_append_tail
FNDA:20,dlist_append_tail
FN:179,dlist_remove_by_data
FNDA:12,dlist_remove_by_data
FN:188,dlist_contain
FNDA:32,dlist_contain
DA:57,24
DA:62,24
DA:66,24
DA:68,24
DA:72,48
DA:77,48
DA:81,72
DA:86,72
DA:133,20
DA:138,20
DA:139,20
DA:140,20
DA:179,12
DA:184,12
DA:188,32
DA:193,32
end_of_record
SF:/home/cai/share/c-corekit/ds/hash_table/hash_table.c
FN:35,_hash_table_create
FNDA:8,_hash_table_create
FN:119,_hash_table_destroy
FNDA:4,_hash_table_destroy
FN:148,_hash_table_contain
FNDA:16,_hash_table_contain
FN:169,_hash_table_insert
FNDA:24,_hash_table_insert
FN:204,_hash_table_remove
FNDA:16,_hash_table_remove
FN:224,_hash_table_get_size
FNDA:10,_hash_table_get_size
FN:259,_hash_table_display
FNDA:4,_hash_table_display
FN:300,int_hash
FNDA:44,int_hash
FN:305,int_display
FNDA:20,int_display
FN:310,int_cmp
FNDA:20,int_cmp
FN:316,hash_table_test
FNDA:2,hash_table_test
DA:35,8
DA:42,8
DA:43,8
DA:44,8
DA:46,8
DA:49,6
DA:53,2
DA:54,2
DA:57,0
DA:59,2
DA:62,2
DA:63,2
DA:66,0
DA:70,26
DA:72,24
DA:73,24
DA:76,0
DA:79,24
DA:83,2
DA:84,2
DA:87,0
DA:89,2
DA:92,0
DA:95,2
DA:96,2
DA:98,2
DA:100,0
DA:101,0
DA:103,0
DA:105,0
DA:109,0
DA:112,0
DA:113,0
DA:114,0
DA:115,0
DA:119,4
DA:121,4
DA:122,4
DA:124,4
DA:126,2
DA:130,26
DA:132,24
DA:133,24
DA:136,0
DA:140,2
DA:141,2
DA:142,2
DA:144,2
DA:148,16
DA:153,16
DA:154,16
DA:156,16
DA:158,4
DA:162,12
DA:163,12
DA:165,12
DA:169,24
DA:174,24
DA:175,24
DA:176,24
DA:178,24
DA:180,4
DA:184,20
DA:186,20
DA:188,20
DA:190,0
DA:194,20
DA:200,20
DA:204,16
DA:209,16
DA:210,16
DA:212,16
DA:214,4
DA:217,12
DA:218,12
DA:220,12
DA:224,10
DA:229,10
DA:230,10
DA:232,10
DA:234,4
DA:237,6
DA:239,6
DA:241,78
DA:243,72
DA:245,0
DA:246,0
DA:247,0
DA:250,72
DA:253,6
DA:255,6
DA:259,4
DA:263,4
DA:265,4
DA:268,0
DA:271,4
DA:273,52
DA:275,48
DA:276,48
DA:279,4
DA:300,44
DA:302,44
DA:305,20
DA:307,20
DA:308,20
DA:310,20
DA:312,20
DA:313,20
DA:316,2
DA:319,2
DA:320,2
DA:321,2
DA:322,2
DA:323,2
DA:324,2
DA:326,2
DA:327,2
DA:328,2
DA:329,2
DA:330,2
DA:332,2
DA:333,2
DA:335,2
DA:336,2
DA:338,2
DA:339,2
DA:341,12
DA:343,10
DA:346,2
DA:348,2
DA:349,2
DA:351,12
DA:352,10
DA:353,2
DA:354,2
DA:355,2
DA:357,2
DA:359,2
DA:360,2
DA:361,2
DA:362,12
DA:363,10
DA:365,2
DA:366,2
DA:368,12
DA:370,10
DA:373,2
DA:374,2
DA:376,2
end_of_record
SF:/home/cai/share/c-corekit/ds/hash_table/hash_table.h
FN:53,hash_table_create
FNDA:8,hash_table_create
FN:64,hash_table_destroy
FNDA:4,hash_table_destroy
FN:70,hash_table_insert
FNDA:24,hash_table_insert
FN:79,hash_table_remove
FNDA:16,hash_table_remove
FN:88,hash_table_contain
FNDA:16,hash_table_contain
FN:97,hash_table_get_size
FNDA:10,hash_table_get_size
FN:106,hash_table_display
FNDA:4,hash_table_display
DA:53,8
DA:60,8
DA:64,4
DA:66,4
DA:70,24
DA:75,24
DA:79,16
DA:84,16
DA:88,16
DA:93,16
DA:97,10
DA:102,10
DA:106,4
DA:110,4
DA:111,4
end_of_record
